<?xml version="1.0" encoding="UTF-8"?>
<!-- Generated by org.testng.reporters.JUnitXMLReporter -->
<testsuite hostname="Chinna" name="Default test" tests="4" failures="0" timestamp="20 Nov 2019 12:18:21 GMT" time="107.231" errors="0">
  <testcase name="verifyAddempTest" time="7.923" classname="com.hrm.qa.TestCases.pimPageTest"/>
  <testcase name="verifyAddempTest" time="7.694" classname="com.hrm.qa.TestCases.pimPageTest"/>
  <testcase name="verifyAddempTest" time="7.712" classname="com.hrm.qa.TestCases.pimPageTest"/>
  <testcase name="verifyAddempTest" time="7.719" classname="com.hrm.qa.TestCases.pimPageTest"/>
</testsuite> <!-- Default test -->
